
C:\SimInTech64\bin\CodeTemplates\VC2019>REM Установка системных переменных студии (для 2019) 

C:\SimInTech64\bin\CodeTemplates\VC2019>set path=C:\SimInTech64\bin\;C:\SimInTech64\bin\include_mvtu\;C:\SimInTech64\bin\images_mvtu\;C:\Program Files (x86)\Google\Chrome\Application;C:\Program Files (x86)\Common Files\Intel\Shared Libraries\redist\intel64\compiler;C:\Program Files (x86)\Common Files\Oracle\Java\javapath;C:\Program Files\NVIDIA GPU Computing Toolkit\CUDA\v10.0\bin;C:\Program Files\NVIDIA GPU Computing Toolkit\CUDA\v10.0\libnvvp;C:\Program Files\Microsoft MPI\Bin\;C:\Program Files (x86)\Intel\Intel(R) Management Engine Components\iCLS\;C:\Program Files\Intel\Intel(R) Management Engine Components\iCLS\;C:\Windows\system32;C:\Windows;C:\Windows\System32\Wbem;C:\Windows\System32\WindowsPowerShell\v1.0\;C:\Program Files (x86)\NVIDIA Corporation\PhysX\Common;C:\Program Files (x86)\Intel\Intel(R) Management Engine Components\DAL;C:\Program Files\Intel\Intel(R) Management Engine Components\DAL;C:\Program Files (x86)\Intel\Intel(R) Management Engine Components\IPT;C:\Program Files\Intel\Intel(R) Management Engine Components\IPT;C:\Program Files\Intel\WiFi\bin\;C:\Program Files\Common Files\Intel\WirelessCommon\;C:\Program Files\dotnet\;C:\Program Files\Microsoft SQL Server\130\Tools\Binn\;C:\WINDOWS\system32;C:\WINDOWS;C:\WINDOWS\System32\Wbem;C:\WINDOWS\System32\WindowsPowerShell\v1.0\;C:\WINDOWS\System32\OpenSSH\;C:\Program Files\MATLAB\R2015b\runtime\win64;C:\Program Files\MATLAB\R2015b\bin;C:\Program Files\MATLAB\R2015b\polyspace\bin;C:\WINDOWS\system32;C:\WINDOWS;C:\WINDOWS\System32\Wbem;C:\WINDOWS\System32\WindowsPowerShell\v1.0\;C:\WINDOWS\System32\OpenSSH\;C:\Program Files\NVIDIA Corporation\NVIDIA NvDLISR;C:\Siemens\Automation\WinCC_OA\3.17\bin\;C:\Program Files\PuTTY\;C:\Program Files\nodejs\;D:\Program files\Git\cmd;C:\Program Files (x86)\Rational\common;C:\Program Files\MySQL\MySQL Shell 8.0\bin\;C:\Users\Sunny\AppData\Local\Microsoft\WindowsApps;C:\Users\Sunny\AppData\Local\Programs\Microsoft VS Code\bin;C:\Program Files\JetBrains\CLion 2019.2.5\bin;C:\MinGW\bin;D:\Program files\IntelliJ IDEA\bin;;C:\Users\Sunny\AppData\Local\Microsoft\WindowsApps;C:\Users\Sunny\AppData\Roaming\npm;c:\Program Files (x86)\Microsoft Visual Studio\2019\Community\VC\Auxiliary\Build\ 

C:\SimInTech64\bin\CodeTemplates\VC2019>REM Установка архитектуры сборки модуля в зависимости от разрядности загрузчика 

C:\SimInTech64\bin\CodeTemplates\VC2019>IF "64" == "64" (
call vcvarsall.bat x64  
 SET VC_PLATFORM="x64" 
) 
**********************************************************************
** Visual Studio 2019 Developer Command Prompt v16.9.4
** Copyright (c) 2021 Microsoft Corporation
**********************************************************************
[vcvarsall.bat] Environment initialized for: 'x64'
Microsoft (R) Build Engine версии 16.9.0+5e4b48a27 для .NET Framework
(C) Корпорация Майкрософт (Microsoft Corporation). Все права защищены.

Сборка начата 5/18/2021 1:59:22 PM.
Проект "C:\SimInTech64\bin\CodeTemplates\VC2019\src\example_cpp.vcxproj" в узле 1 (целевые объекты rebuild).
_PrepareForClean:
  Файл "..\temp\Release\example_cpp.tlog\example_cpp.lastbuildstate" удаляется.
InitializeBuildStatus:
  Создание "..\temp\Release\example_cpp.tlog\unsuccessfulbuild", так как было задано "AlwaysCreate".
ClCompile:
  c:\Program Files (x86)\Microsoft Visual Studio\2019\Community\VC\Tools\MSVC\14.28.29910\bin\HostX86\x64\CL.exe /c /nologo /W3 /WX- /diagnostics:column /Od /Ob1 /D WIN32 /D _DEBUG /D _WINDOWS /D _USRDLL /D EXAMPLE_CPP_EXPORTS /D _WINDLL /D _UNICODE /D UNICODE /Gm /EHa /MT /GS- /arch:SSE2 /fp:precise /Zc:wchar_t /Zc:forScope /Zc:inline /GR- /Yc"stdafx.h" /Fp"..\temp\Release\example_cpp.pch" /Fo"..\temp\Release\\" /Fd"..\temp\Release\vc142.pdb" /Gd /TC /FC /errorReport:queue stdafx.cpp
cl : командная строка warning D9035: использование параметра "Gm" нежелательно, он будет удален в следующих выпусках [C:\SimInTech64\bin\CodeTemplates\VC2019\src\example_cpp.vcxproj]
cl : командная строка warning D9007: для "/Gm" требуется "/Zi или /ZI"; параметр пропущен [C:\SimInTech64\bin\CodeTemplates\VC2019\src\example_cpp.vcxproj]
  stdafx.cpp
cl : командная строка warning D9002: пропуск неизвестного параметра "/arch:SSE2" [C:\SimInTech64\bin\CodeTemplates\VC2019\src\example_cpp.vcxproj]
  c:\Program Files (x86)\Microsoft Visual Studio\2019\Community\VC\Tools\MSVC\14.28.29910\bin\HostX86\x64\CL.exe /c /nologo /W3 /WX- /diagnostics:column /Od /Ob1 /D WIN32 /D _DEBUG /D _WINDOWS /D _USRDLL /D EXAMPLE_CPP_EXPORTS /D _WINDLL /D _UNICODE /D UNICODE /Gm /EHa /MT /GS- /arch:SSE2 /fp:precise /Zc:wchar_t /Zc:forScope /Zc:inline /GR- /Fo"..\temp\Release\\" /Fd"..\temp\Release\vc142.pdb" /Gd /TC /FC /errorReport:queue dllmain.cpp
cl : командная строка warning D9035: использование параметра "Gm" нежелательно, он будет удален в следующих выпусках [C:\SimInTech64\bin\CodeTemplates\VC2019\src\example_cpp.vcxproj]
cl : командная строка warning D9007: для "/Gm" требуется "/Zi или /ZI"; параметр пропущен [C:\SimInTech64\bin\CodeTemplates\VC2019\src\example_cpp.vcxproj]
cl : командная строка warning D9002: пропуск неизвестного параметра "/arch:SSE2" [C:\SimInTech64\bin\CodeTemplates\VC2019\src\example_cpp.vcxproj]
  dllmain.cpp
  c:\Program Files (x86)\Microsoft Visual Studio\2019\Community\VC\Tools\MSVC\14.28.29910\bin\HostX86\x64\CL.exe /c /nologo /W3 /WX- /diagnostics:column /Od /Ob1 /D WIN32 /D _DEBUG /D _WINDOWS /D _USRDLL /D EXAMPLE_CPP_EXPORTS /D _WINDLL /D _UNICODE /D UNICODE /Gm /EHa /MT /GS- /arch:SSE2 /fp:precise /Zc:wchar_t /Zc:forScope /Zc:inline /GR- /Fo"..\temp\Release\\" /Fd"..\temp\Release\vc142.pdb" /Gd /TC /FC /errorReport:queue example.c
cl : командная строка warning D9035: использование параметра "Gm" нежелательно, он будет удален в следующих выпусках [C:\SimInTech64\bin\CodeTemplates\VC2019\src\example_cpp.vcxproj]
cl : командная строка warning D9007: для "/Gm" требуется "/Zi или /ZI"; параметр пропущен [C:\SimInTech64\bin\CodeTemplates\VC2019\src\example_cpp.vcxproj]
cl : командная строка warning D9002: пропуск неизвестного параметра "/arch:SSE2" [C:\SimInTech64\bin\CodeTemplates\VC2019\src\example_cpp.vcxproj]
  example.c
C:\SimInTech64\bin\CodeTemplates\VC2019\src\init.inc(10,5): warning C4101: c: неиспользованная локальная переменная [C:\SimInTech64\bin\CodeTemplates\VC2019\src\example_cpp.vcxproj]
C:\SimInTech64\bin\CodeTemplates\VC2019\src\init.inc(9,5): warning C4101: j: неиспользованная локальная переменная [C:\SimInTech64\bin\CodeTemplates\VC2019\src\example_cpp.vcxproj]
C:\SimInTech64\bin\CodeTemplates\VC2019\src\init.inc(8,5): warning C4101: i: неиспользованная локальная переменная [C:\SimInTech64\bin\CodeTemplates\VC2019\src\example_cpp.vcxproj]
C:\SimInTech64\bin\CodeTemplates\VC2019\src\prog.inc(25,6): warning C4101: u_r: неиспользованная локальная переменная [C:\SimInTech64\bin\CodeTemplates\VC2019\src\example_cpp.vcxproj]
C:\SimInTech64\bin\CodeTemplates\VC2019\src\prog.inc(17,8): warning C4101: tmp3: неиспользованная локальная переменная [C:\SimInTech64\bin\CodeTemplates\VC2019\src\example_cpp.vcxproj]
C:\SimInTech64\bin\CodeTemplates\VC2019\src\prog.inc(19,8): warning C4101: tmp5: неиспользованная локальная переменная [C:\SimInTech64\bin\CodeTemplates\VC2019\src\example_cpp.vcxproj]
C:\SimInTech64\bin\CodeTemplates\VC2019\src\prog.inc(20,8): warning C4101: tmp6: неиспользованная локальная переменная [C:\SimInTech64\bin\CodeTemplates\VC2019\src\example_cpp.vcxproj]
C:\SimInTech64\bin\CodeTemplates\VC2019\src\prog.inc(14,5): warning C4101: itmp3: неиспользованная локальная переменная [C:\SimInTech64\bin\CodeTemplates\VC2019\src\example_cpp.vcxproj]
C:\SimInTech64\bin\CodeTemplates\VC2019\src\prog.inc(18,8): warning C4101: tmp4: неиспользованная локальная переменная [C:\SimInTech64\bin\CodeTemplates\VC2019\src\example_cpp.vcxproj]
C:\SimInTech64\bin\CodeTemplates\VC2019\src\prog.inc(22,6): warning C4101: f: неиспользованная локальная переменная [C:\SimInTech64\bin\CodeTemplates\VC2019\src\example_cpp.vcxproj]
C:\SimInTech64\bin\CodeTemplates\VC2019\src\prog.inc(21,8): warning C4101: tmp7: неиспользованная локальная переменная [C:\SimInTech64\bin\CodeTemplates\VC2019\src\example_cpp.vcxproj]
C:\SimInTech64\bin\CodeTemplates\VC2019\src\prog.inc(12,5): warning C4101: itmp1: неиспользованная локальная переменная [C:\SimInTech64\bin\CodeTemplates\VC2019\src\example_cpp.vcxproj]
C:\SimInTech64\bin\CodeTemplates\VC2019\src\prog.inc(23,6): warning C4101: tmp_f_1: неиспользованная локальная переменная [C:\SimInTech64\bin\CodeTemplates\VC2019\src\example_cpp.vcxproj]
C:\SimInTech64\bin\CodeTemplates\VC2019\src\prog.inc(11,5): warning C4101: c: неиспользованная локальная переменная [C:\SimInTech64\bin\CodeTemplates\VC2019\src\example_cpp.vcxproj]
C:\SimInTech64\bin\CodeTemplates\VC2019\src\prog.inc(10,5): warning C4101: j: неиспользованная локальная переменная [C:\SimInTech64\bin\CodeTemplates\VC2019\src\example_cpp.vcxproj]
C:\SimInTech64\bin\CodeTemplates\VC2019\src\prog.inc(9,5): warning C4101: i: неиспользованная локальная переменная [C:\SimInTech64\bin\CodeTemplates\VC2019\src\example_cpp.vcxproj]
C:\SimInTech64\bin\CodeTemplates\VC2019\src\prog.inc(16,8): warning C4101: tmp2: неиспользованная локальная переменная [C:\SimInTech64\bin\CodeTemplates\VC2019\src\example_cpp.vcxproj]
C:\SimInTech64\bin\CodeTemplates\VC2019\src\prog.inc(24,6): warning C4101: u_s: неиспользованная локальная переменная [C:\SimInTech64\bin\CodeTemplates\VC2019\src\example_cpp.vcxproj]
C:\SimInTech64\bin\CodeTemplates\VC2019\src\prog.inc(15,8): warning C4101: tmp1: неиспользованная локальная переменная [C:\SimInTech64\bin\CodeTemplates\VC2019\src\example_cpp.vcxproj]
C:\SimInTech64\bin\CodeTemplates\VC2019\src\prog.inc(13,5): warning C4101: itmp2: неиспользованная локальная переменная [C:\SimInTech64\bin\CodeTemplates\VC2019\src\example_cpp.vcxproj]
C:\SimInTech64\bin\CodeTemplates\VC2019\src\state.inc(25,6): warning C4101: u_r: неиспользованная локальная переменная [C:\SimInTech64\bin\CodeTemplates\VC2019\src\example_cpp.vcxproj]
C:\SimInTech64\bin\CodeTemplates\VC2019\src\state.inc(17,8): warning C4101: tmp3: неиспользованная локальная переменная [C:\SimInTech64\bin\CodeTemplates\VC2019\src\example_cpp.vcxproj]
C:\SimInTech64\bin\CodeTemplates\VC2019\src\state.inc(19,8): warning C4101: tmp5: неиспользованная локальная переменная [C:\SimInTech64\bin\CodeTemplates\VC2019\src\example_cpp.vcxproj]
C:\SimInTech64\bin\CodeTemplates\VC2019\src\state.inc(20,8): warning C4101: tmp6: неиспользованная локальная переменная [C:\SimInTech64\bin\CodeTemplates\VC2019\src\example_cpp.vcxproj]
C:\SimInTech64\bin\CodeTemplates\VC2019\src\state.inc(14,5): warning C4101: itmp3: неиспользованная локальная переменная [C:\SimInTech64\bin\CodeTemplates\VC2019\src\example_cpp.vcxproj]
C:\SimInTech64\bin\CodeTemplates\VC2019\src\state.inc(18,8): warning C4101: tmp4: неиспользованная локальная переменная [C:\SimInTech64\bin\CodeTemplates\VC2019\src\example_cpp.vcxproj]
C:\SimInTech64\bin\CodeTemplates\VC2019\src\state.inc(22,6): warning C4101: f: неиспользованная локальная переменная [C:\SimInTech64\bin\CodeTemplates\VC2019\src\example_cpp.vcxproj]
C:\SimInTech64\bin\CodeTemplates\VC2019\src\state.inc(21,8): warning C4101: tmp7: неиспользованная локальная переменная [C:\SimInTech64\bin\CodeTemplates\VC2019\src\example_cpp.vcxproj]
C:\SimInTech64\bin\CodeTemplates\VC2019\src\state.inc(12,5): warning C4101: itmp1: неиспользованная локальная переменная [C:\SimInTech64\bin\CodeTemplates\VC2019\src\example_cpp.vcxproj]
C:\SimInTech64\bin\CodeTemplates\VC2019\src\state.inc(23,6): warning C4101: tmp_f_1: неиспользованная локальная переменная [C:\SimInTech64\bin\CodeTemplates\VC2019\src\example_cpp.vcxproj]
C:\SimInTech64\bin\CodeTemplates\VC2019\src\state.inc(11,5): warning C4101: c: неиспользованная локальная переменная [C:\SimInTech64\bin\CodeTemplates\VC2019\src\example_cpp.vcxproj]
C:\SimInTech64\bin\CodeTemplates\VC2019\src\state.inc(10,5): warning C4101: j: неиспользованная локальная переменная [C:\SimInTech64\bin\CodeTemplates\VC2019\src\example_cpp.vcxproj]
C:\SimInTech64\bin\CodeTemplates\VC2019\src\state.inc(9,5): warning C4101: i: неиспользованная локальная переменная [C:\SimInTech64\bin\CodeTemplates\VC2019\src\example_cpp.vcxproj]
C:\SimInTech64\bin\CodeTemplates\VC2019\src\state.inc(16,8): warning C4101: tmp2: неиспользованная локальная переменная [C:\SimInTech64\bin\CodeTemplates\VC2019\src\example_cpp.vcxproj]
C:\SimInTech64\bin\CodeTemplates\VC2019\src\state.inc(24,6): warning C4101: u_s: неиспользованная локальная переменная [C:\SimInTech64\bin\CodeTemplates\VC2019\src\example_cpp.vcxproj]
C:\SimInTech64\bin\CodeTemplates\VC2019\src\state.inc(15,8): warning C4101: tmp1: неиспользованная локальная переменная [C:\SimInTech64\bin\CodeTemplates\VC2019\src\example_cpp.vcxproj]
C:\SimInTech64\bin\CodeTemplates\VC2019\src\state.inc(13,5): warning C4101: itmp2: неиспользованная локальная переменная [C:\SimInTech64\bin\CodeTemplates\VC2019\src\example_cpp.vcxproj]
C:\Users\Sunny\Desktop\Practice_7\Programs\delay_fsm.c(32): warning C4715: delay_engine: значение возвращается не при всех путях выполнения [C:\SimInTech64\bin\CodeTemplates\VC2019\src\example_cpp.vcxproj]
Link:
  c:\Program Files (x86)\Microsoft Visual Studio\2019\Community\VC\Tools\MSVC\14.28.29910\bin\HostX86\x64\link.exe /ERRORREPORT:QUEUE /OUT:"..\bin\example_cpp.dll" /INCREMENTAL /NOLOGO kernel32.lib user32.lib gdi32.lib winspool.lib comdlg32.lib advapi32.lib shell32.lib ole32.lib oleaut32.lib uuid.lib odbc32.lib odbccp32.lib /DEF:"example_cpp.def" /MANIFEST /MANIFESTUAC:"level='asInvoker' uiAccess='false'" /manifest:embed /DEBUG /PDB:"..\bin\example_cpp.pdb" /SUBSYSTEM:WINDOWS /LTCG:incremental /LTCGOUT:"..\temp\Release\example_cpp.iobj" /TLBID:1 /DYNAMICBASE /NXCOMPAT /IMPLIB:"..\bin\example_cpp.lib" /MACHINE:X64 /DLL ..\temp\Release\dllmain.obj
  ..\temp\Release\example.obj
  ..\temp\Release\stdafx.obj
LINK : warning LNK4075: не учитывается "/INCREMENTAL" из-за спецификации "/LTCG" [C:\SimInTech64\bin\CodeTemplates\VC2019\src\example_cpp.vcxproj]
     Создается библиотека ..\bin\example_cpp.lib и объект ..\bin\example_cpp.exp
  LINK : указан параметр /LTCG, но не требуется создание кода; удалите /LTCG из командной строки компоновки для повышения производительности компоновщика
  example_cpp.vcxproj -> C:\SimInTech64\bin\CodeTemplates\VC2019\bin\example_cpp.dll
FinalizeBuildStatus:
  Файл "..\temp\Release\example_cpp.tlog\unsuccessfulbuild" удаляется.
  Обращение к "..\temp\Release\example_cpp.tlog\example_cpp.lastbuildstate".
Сборка проекта "C:\SimInTech64\bin\CodeTemplates\VC2019\src\example_cpp.vcxproj" завершена (целевые объекты rebuild).

Сборка успешно завершена.

"C:\SimInTech64\bin\CodeTemplates\VC2019\src\example_cpp.vcxproj" (целевой объект rebuild ) (1) ->
(Целевой объект ClCompile) -> 
  cl : командная строка warning D9035: использование параметра "Gm" нежелательно, он будет удален в следующих выпусках [C:\SimInTech64\bin\CodeTemplates\VC2019\src\example_cpp.vcxproj]
  cl : командная строка warning D9007: для "/Gm" требуется "/Zi или /ZI"; параметр пропущен [C:\SimInTech64\bin\CodeTemplates\VC2019\src\example_cpp.vcxproj]
  cl : командная строка warning D9002: пропуск неизвестного параметра "/arch:SSE2" [C:\SimInTech64\bin\CodeTemplates\VC2019\src\example_cpp.vcxproj]


"C:\SimInTech64\bin\CodeTemplates\VC2019\src\example_cpp.vcxproj" (целевой объект rebuild ) (1) ->
  cl : командная строка warning D9035: использование параметра "Gm" нежелательно, он будет удален в следующих выпусках [C:\SimInTech64\bin\CodeTemplates\VC2019\src\example_cpp.vcxproj]
  cl : командная строка warning D9007: для "/Gm" требуется "/Zi или /ZI"; параметр пропущен [C:\SimInTech64\bin\CodeTemplates\VC2019\src\example_cpp.vcxproj]
  cl : командная строка warning D9002: пропуск неизвестного параметра "/arch:SSE2" [C:\SimInTech64\bin\CodeTemplates\VC2019\src\example_cpp.vcxproj]


"C:\SimInTech64\bin\CodeTemplates\VC2019\src\example_cpp.vcxproj" (целевой объект rebuild ) (1) ->
  cl : командная строка warning D9035: использование параметра "Gm" нежелательно, он будет удален в следующих выпусках [C:\SimInTech64\bin\CodeTemplates\VC2019\src\example_cpp.vcxproj]
  cl : командная строка warning D9007: для "/Gm" требуется "/Zi или /ZI"; параметр пропущен [C:\SimInTech64\bin\CodeTemplates\VC2019\src\example_cpp.vcxproj]
  cl : командная строка warning D9002: пропуск неизвестного параметра "/arch:SSE2" [C:\SimInTech64\bin\CodeTemplates\VC2019\src\example_cpp.vcxproj]
  C:\SimInTech64\bin\CodeTemplates\VC2019\src\init.inc(10,5): warning C4101: c: неиспользованная локальная переменная [C:\SimInTech64\bin\CodeTemplates\VC2019\src\example_cpp.vcxproj]
  C:\SimInTech64\bin\CodeTemplates\VC2019\src\init.inc(9,5): warning C4101: j: неиспользованная локальная переменная [C:\SimInTech64\bin\CodeTemplates\VC2019\src\example_cpp.vcxproj]
  C:\SimInTech64\bin\CodeTemplates\VC2019\src\init.inc(8,5): warning C4101: i: неиспользованная локальная переменная [C:\SimInTech64\bin\CodeTemplates\VC2019\src\example_cpp.vcxproj]
  C:\SimInTech64\bin\CodeTemplates\VC2019\src\prog.inc(25,6): warning C4101: u_r: неиспользованная локальная переменная [C:\SimInTech64\bin\CodeTemplates\VC2019\src\example_cpp.vcxproj]
  C:\SimInTech64\bin\CodeTemplates\VC2019\src\prog.inc(17,8): warning C4101: tmp3: неиспользованная локальная переменная [C:\SimInTech64\bin\CodeTemplates\VC2019\src\example_cpp.vcxproj]
  C:\SimInTech64\bin\CodeTemplates\VC2019\src\prog.inc(19,8): warning C4101: tmp5: неиспользованная локальная переменная [C:\SimInTech64\bin\CodeTemplates\VC2019\src\example_cpp.vcxproj]
  C:\SimInTech64\bin\CodeTemplates\VC2019\src\prog.inc(20,8): warning C4101: tmp6: неиспользованная локальная переменная [C:\SimInTech64\bin\CodeTemplates\VC2019\src\example_cpp.vcxproj]
  C:\SimInTech64\bin\CodeTemplates\VC2019\src\prog.inc(14,5): warning C4101: itmp3: неиспользованная локальная переменная [C:\SimInTech64\bin\CodeTemplates\VC2019\src\example_cpp.vcxproj]
  C:\SimInTech64\bin\CodeTemplates\VC2019\src\prog.inc(18,8): warning C4101: tmp4: неиспользованная локальная переменная [C:\SimInTech64\bin\CodeTemplates\VC2019\src\example_cpp.vcxproj]
  C:\SimInTech64\bin\CodeTemplates\VC2019\src\prog.inc(22,6): warning C4101: f: неиспользованная локальная переменная [C:\SimInTech64\bin\CodeTemplates\VC2019\src\example_cpp.vcxproj]
  C:\SimInTech64\bin\CodeTemplates\VC2019\src\prog.inc(21,8): warning C4101: tmp7: неиспользованная локальная переменная [C:\SimInTech64\bin\CodeTemplates\VC2019\src\example_cpp.vcxproj]
  C:\SimInTech64\bin\CodeTemplates\VC2019\src\prog.inc(12,5): warning C4101: itmp1: неиспользованная локальная переменная [C:\SimInTech64\bin\CodeTemplates\VC2019\src\example_cpp.vcxproj]
  C:\SimInTech64\bin\CodeTemplates\VC2019\src\prog.inc(23,6): warning C4101: tmp_f_1: неиспользованная локальная переменная [C:\SimInTech64\bin\CodeTemplates\VC2019\src\example_cpp.vcxproj]
  C:\SimInTech64\bin\CodeTemplates\VC2019\src\prog.inc(11,5): warning C4101: c: неиспользованная локальная переменная [C:\SimInTech64\bin\CodeTemplates\VC2019\src\example_cpp.vcxproj]
  C:\SimInTech64\bin\CodeTemplates\VC2019\src\prog.inc(10,5): warning C4101: j: неиспользованная локальная переменная [C:\SimInTech64\bin\CodeTemplates\VC2019\src\example_cpp.vcxproj]
  C:\SimInTech64\bin\CodeTemplates\VC2019\src\prog.inc(9,5): warning C4101: i: неиспользованная локальная переменная [C:\SimInTech64\bin\CodeTemplates\VC2019\src\example_cpp.vcxproj]
  C:\SimInTech64\bin\CodeTemplates\VC2019\src\prog.inc(16,8): warning C4101: tmp2: неиспользованная локальная переменная [C:\SimInTech64\bin\CodeTemplates\VC2019\src\example_cpp.vcxproj]
  C:\SimInTech64\bin\CodeTemplates\VC2019\src\prog.inc(24,6): warning C4101: u_s: неиспользованная локальная переменная [C:\SimInTech64\bin\CodeTemplates\VC2019\src\example_cpp.vcxproj]
  C:\SimInTech64\bin\CodeTemplates\VC2019\src\prog.inc(15,8): warning C4101: tmp1: неиспользованная локальная переменная [C:\SimInTech64\bin\CodeTemplates\VC2019\src\example_cpp.vcxproj]
  C:\SimInTech64\bin\CodeTemplates\VC2019\src\prog.inc(13,5): warning C4101: itmp2: неиспользованная локальная переменная [C:\SimInTech64\bin\CodeTemplates\VC2019\src\example_cpp.vcxproj]
  C:\SimInTech64\bin\CodeTemplates\VC2019\src\state.inc(25,6): warning C4101: u_r: неиспользованная локальная переменная [C:\SimInTech64\bin\CodeTemplates\VC2019\src\example_cpp.vcxproj]
  C:\SimInTech64\bin\CodeTemplates\VC2019\src\state.inc(17,8): warning C4101: tmp3: неиспользованная локальная переменная [C:\SimInTech64\bin\CodeTemplates\VC2019\src\example_cpp.vcxproj]
  C:\SimInTech64\bin\CodeTemplates\VC2019\src\state.inc(19,8): warning C4101: tmp5: неиспользованная локальная переменная [C:\SimInTech64\bin\CodeTemplates\VC2019\src\example_cpp.vcxproj]
  C:\SimInTech64\bin\CodeTemplates\VC2019\src\state.inc(20,8): warning C4101: tmp6: неиспользованная локальная переменная [C:\SimInTech64\bin\CodeTemplates\VC2019\src\example_cpp.vcxproj]
  C:\SimInTech64\bin\CodeTemplates\VC2019\src\state.inc(14,5): warning C4101: itmp3: неиспользованная локальная переменная [C:\SimInTech64\bin\CodeTemplates\VC2019\src\example_cpp.vcxproj]
  C:\SimInTech64\bin\CodeTemplates\VC2019\src\state.inc(18,8): warning C4101: tmp4: неиспользованная локальная переменная [C:\SimInTech64\bin\CodeTemplates\VC2019\src\example_cpp.vcxproj]
  C:\SimInTech64\bin\CodeTemplates\VC2019\src\state.inc(22,6): warning C4101: f: неиспользованная локальная переменная [C:\SimInTech64\bin\CodeTemplates\VC2019\src\example_cpp.vcxproj]
  C:\SimInTech64\bin\CodeTemplates\VC2019\src\state.inc(21,8): warning C4101: tmp7: неиспользованная локальная переменная [C:\SimInTech64\bin\CodeTemplates\VC2019\src\example_cpp.vcxproj]
  C:\SimInTech64\bin\CodeTemplates\VC2019\src\state.inc(12,5): warning C4101: itmp1: неиспользованная локальная переменная [C:\SimInTech64\bin\CodeTemplates\VC2019\src\example_cpp.vcxproj]
  C:\SimInTech64\bin\CodeTemplates\VC2019\src\state.inc(23,6): warning C4101: tmp_f_1: неиспользованная локальная переменная [C:\SimInTech64\bin\CodeTemplates\VC2019\src\example_cpp.vcxproj]
  C:\SimInTech64\bin\CodeTemplates\VC2019\src\state.inc(11,5): warning C4101: c: неиспользованная локальная переменная [C:\SimInTech64\bin\CodeTemplates\VC2019\src\example_cpp.vcxproj]
  C:\SimInTech64\bin\CodeTemplates\VC2019\src\state.inc(10,5): warning C4101: j: неиспользованная локальная переменная [C:\SimInTech64\bin\CodeTemplates\VC2019\src\example_cpp.vcxproj]
  C:\SimInTech64\bin\CodeTemplates\VC2019\src\state.inc(9,5): warning C4101: i: неиспользованная локальная переменная [C:\SimInTech64\bin\CodeTemplates\VC2019\src\example_cpp.vcxproj]
  C:\SimInTech64\bin\CodeTemplates\VC2019\src\state.inc(16,8): warning C4101: tmp2: неиспользованная локальная переменная [C:\SimInTech64\bin\CodeTemplates\VC2019\src\example_cpp.vcxproj]
  C:\SimInTech64\bin\CodeTemplates\VC2019\src\state.inc(24,6): warning C4101: u_s: неиспользованная локальная переменная [C:\SimInTech64\bin\CodeTemplates\VC2019\src\example_cpp.vcxproj]
  C:\SimInTech64\bin\CodeTemplates\VC2019\src\state.inc(15,8): warning C4101: tmp1: неиспользованная локальная переменная [C:\SimInTech64\bin\CodeTemplates\VC2019\src\example_cpp.vcxproj]
  C:\SimInTech64\bin\CodeTemplates\VC2019\src\state.inc(13,5): warning C4101: itmp2: неиспользованная локальная переменная [C:\SimInTech64\bin\CodeTemplates\VC2019\src\example_cpp.vcxproj]
  C:\Users\Sunny\Desktop\Practice_7\Programs\delay_fsm.c(32): warning C4715: delay_engine: значение возвращается не при всех путях выполнения [C:\SimInTech64\bin\CodeTemplates\VC2019\src\example_cpp.vcxproj]


"C:\SimInTech64\bin\CodeTemplates\VC2019\src\example_cpp.vcxproj" (целевой объект rebuild ) (1) ->
(Целевой объект Link) -> 
  LINK : warning LNK4075: не учитывается "/INCREMENTAL" из-за спецификации "/LTCG" [C:\SimInTech64\bin\CodeTemplates\VC2019\src\example_cpp.vcxproj]

    Предупреждений: 48
    Ошибок: 0

Прошло времени 00:00:04.18
